INFO ScalaTest-run-running-SurfABMSpec surf.abm.SurfABM$ - Creating 500 agents
INFO ScalaTest-run-running-SurfABMSpec surf.abm.SurfABM$ - Reading GIS data for the environment from leeds
DEBUG ScalaTest-run-running-SurfABMSpec surf.abm.SurfABM$ - Reading buildings  from file: file:/Users/nick/Documents/research_not_syncd/git_projects/surf/data/leeds/buildings.shp ... 
DEBUG ScalaTest-run-running-SurfABMSpec surf.abm.SurfABM$ - Reading roads file: file:/Users/nick/Documents/research_not_syncd/git_projects/surf/data/leeds/roads.shp ...
DEBUG ScalaTest-run-running-SurfABMSpec surf.abm.SurfABM$ - 	... read 0 roads
DEBUG ScalaTest-run-running-SurfABMSpec surf.abm.SurfABM$ - Finished reading roads and buildings data.
DEBUG ScalaTest-run-running-SurfABMSpec surf.abm.SurfABM$ - Creating road network
INFO ScalaTest-run-running-SurfABMSpec surf.abm.SurfABM$ - Finished creating network and junctions
INFO ScalaTest-run-running-SurfABMSpec surf.abm.SurfABM$ - Finished initialising model environment
INFO ScalaTest-run-running-SurfABMSpec surf.abm.SurfABM$ - Creating 500 agents of type class surf.abm.agents.RandomRoadAgent
ERROR ScalaTest-run-running-SurfABMSpec surf.abm.SurfABM$ - Exception while creating agents, cannot continue
java.lang.IllegalArgumentException: n must be positive, got: 0
	at ec.util.MersenneTwisterFast.nextInt(MersenneTwisterFast.java:1182)
	at surf.abm.SurfABM$.getRandomBuilding(SurfABM.scala:274)
	at surf.abm.SurfABM$$anonfun$createAgents$1.apply(SurfABM.scala:229)
	at surf.abm.SurfABM$$anonfun$createAgents$1.apply(SurfABM.scala:227)
	at scala.collection.immutable.Range.foreach(Range.scala:166)
	at surf.abm.SurfABM$.createAgents(SurfABM.scala:227)
	at surf.abm.SurfABM.start(SurfABM.scala:46)
	at surf.abm.SurfABMSpec$$anonfun$runModel$1.apply$mcVI$sp(SurfABMSpec.scala:84)
	at scala.collection.immutable.Range.foreach$mVc$sp(Range.scala:166)
	at surf.abm.SurfABMSpec.runModel(SurfABMSpec.scala:82)
	at surf.abm.SurfABMSpec$$anonfun$2.apply$mcV$sp(SurfABMSpec.scala:35)
	at surf.abm.SurfABMSpec$$anonfun$2.apply(SurfABMSpec.scala:24)
	at surf.abm.SurfABMSpec$$anonfun$2.apply(SurfABMSpec.scala:24)
	at org.scalatest.Transformer$$anonfun$apply$1.apply$mcV$sp(Transformer.scala:22)
	at org.scalatest.OutcomeOf$class.outcomeOf(OutcomeOf.scala:85)
	at org.scalatest.OutcomeOf$.outcomeOf(OutcomeOf.scala:104)
	at org.scalatest.Transformer.apply(Transformer.scala:22)
	at org.scalatest.Transformer.apply(Transformer.scala:20)
	at org.scalatest.FlatSpecLike$$anon$1.apply(FlatSpecLike.scala:1647)
	at org.scalatest.Suite$class.withFixture(Suite.scala:1122)
	at org.scalatest.FlatSpec.withFixture(FlatSpec.scala:1683)
	at org.scalatest.FlatSpecLike$class.invokeWithFixture$1(FlatSpecLike.scala:1644)
	at org.scalatest.FlatSpecLike$$anonfun$runTest$1.apply(FlatSpecLike.scala:1656)
	at org.scalatest.FlatSpecLike$$anonfun$runTest$1.apply(FlatSpecLike.scala:1656)
	at org.scalatest.SuperEngine.runTestImpl(Engine.scala:306)
	at org.scalatest.FlatSpecLike$class.runTest(FlatSpecLike.scala:1656)
	at org.scalatest.FlatSpec.runTest(FlatSpec.scala:1683)
	at org.scalatest.FlatSpecLike$$anonfun$runTests$1.apply(FlatSpecLike.scala:1714)
	at org.scalatest.FlatSpecLike$$anonfun$runTests$1.apply(FlatSpecLike.scala:1714)
	at org.scalatest.SuperEngine$$anonfun$traverseSubNodes$1$1.apply(Engine.scala:413)
	at org.scalatest.SuperEngine$$anonfun$traverseSubNodes$1$1.apply(Engine.scala:401)
	at scala.collection.immutable.List.foreach(List.scala:381)
	at org.scalatest.SuperEngine.traverseSubNodes$1(Engine.scala:401)
	at org.scalatest.SuperEngine.org$scalatest$SuperEngine$$runTestsInBranch(Engine.scala:390)
	at org.scalatest.SuperEngine$$anonfun$traverseSubNodes$1$1.apply(Engine.scala:427)
	at org.scalatest.SuperEngine$$anonfun$traverseSubNodes$1$1.apply(Engine.scala:401)
	at scala.collection.immutable.List.foreach(List.scala:381)
	at org.scalatest.SuperEngine.traverseSubNodes$1(Engine.scala:401)
	at org.scalatest.SuperEngine.org$scalatest$SuperEngine$$runTestsInBranch(Engine.scala:396)
	at org.scalatest.SuperEngine.runTestsImpl(Engine.scala:483)
	at org.scalatest.FlatSpecLike$class.runTests(FlatSpecLike.scala:1714)
	at org.scalatest.FlatSpec.runTests(FlatSpec.scala:1683)
	at org.scalatest.Suite$class.run(Suite.scala:1424)
	at org.scalatest.FlatSpec.org$scalatest$FlatSpecLike$$super$run(FlatSpec.scala:1683)
	at org.scalatest.FlatSpecLike$$anonfun$run$1.apply(FlatSpecLike.scala:1760)
	at org.scalatest.FlatSpecLike$$anonfun$run$1.apply(FlatSpecLike.scala:1760)
	at org.scalatest.SuperEngine.runImpl(Engine.scala:545)
	at org.scalatest.FlatSpecLike$class.run(FlatSpecLike.scala:1760)
	at org.scalatest.FlatSpec.run(FlatSpec.scala:1683)
	at org.scalatest.tools.SuiteRunner.run(SuiteRunner.scala:55)
	at org.scalatest.tools.Runner$$anonfun$doRunRunRunDaDoRunRun$3.apply(Runner.scala:2563)
	at org.scalatest.tools.Runner$$anonfun$doRunRunRunDaDoRunRun$3.apply(Runner.scala:2557)
	at scala.collection.immutable.List.foreach(List.scala:381)
	at org.scalatest.tools.Runner$.doRunRunRunDaDoRunRun(Runner.scala:2557)
	at org.scalatest.tools.Runner$$anonfun$runOptionallyWithPassFailReporter$2.apply(Runner.scala:1044)
	at org.scalatest.tools.Runner$$anonfun$runOptionallyWithPassFailReporter$2.apply(Runner.scala:1043)
	at org.scalatest.tools.Runner$.withClassLoaderAndDispatchReporter(Runner.scala:2722)
	at org.scalatest.tools.Runner$.runOptionallyWithPassFailReporter(Runner.scala:1043)
	at org.scalatest.tools.Runner$.run(Runner.scala:883)
	at org.scalatest.tools.Runner.run(Runner.scala)
	at org.jetbrains.plugins.scala.testingSupport.scalaTest.ScalaTestRunner.runScalaTest2(ScalaTestRunner.java:138)
	at org.jetbrains.plugins.scala.testingSupport.scalaTest.ScalaTestRunner.main(ScalaTestRunner.java:28)
	at sun.reflect.NativeMethodAccessorImpl.invoke0(Native Method)
	at sun.reflect.NativeMethodAccessorImpl.invoke(NativeMethodAccessorImpl.java:62)
	at sun.reflect.DelegatingMethodAccessorImpl.invoke(DelegatingMethodAccessorImpl.java:43)
	at java.lang.reflect.Method.invoke(Method.java:498)
	at com.intellij.rt.execution.application.AppMain.main(AppMain.java:144)
INFO ScalaTest-run-running-SurfABMSpec surf.abm.SurfABM$ - Creating 500 agents of type class surf.abm.agents.RandomRoadAgent
ERROR ScalaTest-run-running-SurfABMSpec surf.abm.SurfABM$ - Exception while creating agents, cannot continue
java.lang.IllegalArgumentException: n must be positive, got: 0
	at ec.util.MersenneTwisterFast.nextInt(MersenneTwisterFast.java:1182)
	at surf.abm.SurfABM$.getRandomBuilding(SurfABM.scala:274)
	at surf.abm.SurfABM$$anonfun$createAgents$1.apply(SurfABM.scala:229)
	at surf.abm.SurfABM$$anonfun$createAgents$1.apply(SurfABM.scala:227)
	at scala.collection.immutable.Range.foreach(Range.scala:166)
	at surf.abm.SurfABM$.createAgents(SurfABM.scala:227)
	at surf.abm.SurfABM.start(SurfABM.scala:46)
	at surf.abm.SurfABMSpec$$anonfun$runModel$1.apply$mcVI$sp(SurfABMSpec.scala:84)
	at scala.collection.immutable.Range.foreach$mVc$sp(Range.scala:166)
	at surf.abm.SurfABMSpec.runModel(SurfABMSpec.scala:82)
	at surf.abm.SurfABMSpec$$anonfun$3.apply$mcV$sp(SurfABMSpec.scala:46)
	at surf.abm.SurfABMSpec$$anonfun$3.apply(SurfABMSpec.scala:38)
	at surf.abm.SurfABMSpec$$anonfun$3.apply(SurfABMSpec.scala:38)
	at org.scalatest.Transformer$$anonfun$apply$1.apply$mcV$sp(Transformer.scala:22)
	at org.scalatest.OutcomeOf$class.outcomeOf(OutcomeOf.scala:85)
	at org.scalatest.OutcomeOf$.outcomeOf(OutcomeOf.scala:104)
	at org.scalatest.Transformer.apply(Transformer.scala:22)
	at org.scalatest.Transformer.apply(Transformer.scala:20)
	at org.scalatest.FlatSpecLike$$anon$1.apply(FlatSpecLike.scala:1647)
	at org.scalatest.Suite$class.withFixture(Suite.scala:1122)
	at org.scalatest.FlatSpec.withFixture(FlatSpec.scala:1683)
	at org.scalatest.FlatSpecLike$class.invokeWithFixture$1(FlatSpecLike.scala:1644)
	at org.scalatest.FlatSpecLike$$anonfun$runTest$1.apply(FlatSpecLike.scala:1656)
	at org.scalatest.FlatSpecLike$$anonfun$runTest$1.apply(FlatSpecLike.scala:1656)
	at org.scalatest.SuperEngine.runTestImpl(Engine.scala:306)
	at org.scalatest.FlatSpecLike$class.runTest(FlatSpecLike.scala:1656)
	at org.scalatest.FlatSpec.runTest(FlatSpec.scala:1683)
	at org.scalatest.FlatSpecLike$$anonfun$runTests$1.apply(FlatSpecLike.scala:1714)
	at org.scalatest.FlatSpecLike$$anonfun$runTests$1.apply(FlatSpecLike.scala:1714)
	at org.scalatest.SuperEngine$$anonfun$traverseSubNodes$1$1.apply(Engine.scala:413)
	at org.scalatest.SuperEngine$$anonfun$traverseSubNodes$1$1.apply(Engine.scala:401)
	at scala.collection.immutable.List.foreach(List.scala:381)
	at org.scalatest.SuperEngine.traverseSubNodes$1(Engine.scala:401)
	at org.scalatest.SuperEngine.org$scalatest$SuperEngine$$runTestsInBranch(Engine.scala:390)
	at org.scalatest.SuperEngine$$anonfun$traverseSubNodes$1$1.apply(Engine.scala:427)
	at org.scalatest.SuperEngine$$anonfun$traverseSubNodes$1$1.apply(Engine.scala:401)
	at scala.collection.immutable.List.foreach(List.scala:381)
	at org.scalatest.SuperEngine.traverseSubNodes$1(Engine.scala:401)
	at org.scalatest.SuperEngine.org$scalatest$SuperEngine$$runTestsInBranch(Engine.scala:396)
	at org.scalatest.SuperEngine.runTestsImpl(Engine.scala:483)
	at org.scalatest.FlatSpecLike$class.runTests(FlatSpecLike.scala:1714)
	at org.scalatest.FlatSpec.runTests(FlatSpec.scala:1683)
	at org.scalatest.Suite$class.run(Suite.scala:1424)
	at org.scalatest.FlatSpec.org$scalatest$FlatSpecLike$$super$run(FlatSpec.scala:1683)
	at org.scalatest.FlatSpecLike$$anonfun$run$1.apply(FlatSpecLike.scala:1760)
	at org.scalatest.FlatSpecLike$$anonfun$run$1.apply(FlatSpecLike.scala:1760)
	at org.scalatest.SuperEngine.runImpl(Engine.scala:545)
	at org.scalatest.FlatSpecLike$class.run(FlatSpecLike.scala:1760)
	at org.scalatest.FlatSpec.run(FlatSpec.scala:1683)
	at org.scalatest.tools.SuiteRunner.run(SuiteRunner.scala:55)
	at org.scalatest.tools.Runner$$anonfun$doRunRunRunDaDoRunRun$3.apply(Runner.scala:2563)
	at org.scalatest.tools.Runner$$anonfun$doRunRunRunDaDoRunRun$3.apply(Runner.scala:2557)
	at scala.collection.immutable.List.foreach(List.scala:381)
	at org.scalatest.tools.Runner$.doRunRunRunDaDoRunRun(Runner.scala:2557)
	at org.scalatest.tools.Runner$$anonfun$runOptionallyWithPassFailReporter$2.apply(Runner.scala:1044)
	at org.scalatest.tools.Runner$$anonfun$runOptionallyWithPassFailReporter$2.apply(Runner.scala:1043)
	at org.scalatest.tools.Runner$.withClassLoaderAndDispatchReporter(Runner.scala:2722)
	at org.scalatest.tools.Runner$.runOptionallyWithPassFailReporter(Runner.scala:1043)
	at org.scalatest.tools.Runner$.run(Runner.scala:883)
	at org.scalatest.tools.Runner.run(Runner.scala)
	at org.jetbrains.plugins.scala.testingSupport.scalaTest.ScalaTestRunner.runScalaTest2(ScalaTestRunner.java:138)
	at org.jetbrains.plugins.scala.testingSupport.scalaTest.ScalaTestRunner.main(ScalaTestRunner.java:28)
	at sun.reflect.NativeMethodAccessorImpl.invoke0(Native Method)
	at sun.reflect.NativeMethodAccessorImpl.invoke(NativeMethodAccessorImpl.java:62)
	at sun.reflect.DelegatingMethodAccessorImpl.invoke(DelegatingMethodAccessorImpl.java:43)
	at java.lang.reflect.Method.invoke(Method.java:498)
	at com.intellij.rt.execution.application.AppMain.main(AppMain.java:144)
INFO ScalaTest-run-running-SurfABMSpec surf.abm.SurfABM$ - Creating 500 agents of type class surf.abm.agents.RandomRoadAgent
ERROR ScalaTest-run-running-SurfABMSpec surf.abm.SurfABM$ - Exception while creating agents, cannot continue
java.lang.IllegalArgumentException: n must be positive, got: 0
	at ec.util.MersenneTwisterFast.nextInt(MersenneTwisterFast.java:1182)
	at surf.abm.SurfABM$.getRandomBuilding(SurfABM.scala:274)
	at surf.abm.SurfABM$$anonfun$createAgents$1.apply(SurfABM.scala:229)
	at surf.abm.SurfABM$$anonfun$createAgents$1.apply(SurfABM.scala:227)
	at scala.collection.immutable.Range.foreach(Range.scala:166)
	at surf.abm.SurfABM$.createAgents(SurfABM.scala:227)
	at surf.abm.SurfABM.start(SurfABM.scala:46)
	at surf.abm.SurfABMSpec$$anonfun$runModel$1.apply$mcVI$sp(SurfABMSpec.scala:84)
	at scala.collection.immutable.Range.foreach$mVc$sp(Range.scala:166)
	at surf.abm.SurfABMSpec.runModel(SurfABMSpec.scala:82)
	at surf.abm.SurfABMSpec$$anonfun$4.apply$mcV$sp(SurfABMSpec.scala:60)
	at surf.abm.SurfABMSpec$$anonfun$4.apply(SurfABMSpec.scala:50)
	at surf.abm.SurfABMSpec$$anonfun$4.apply(SurfABMSpec.scala:50)
	at org.scalatest.Transformer$$anonfun$apply$1.apply$mcV$sp(Transformer.scala:22)
	at org.scalatest.OutcomeOf$class.outcomeOf(OutcomeOf.scala:85)
	at org.scalatest.OutcomeOf$.outcomeOf(OutcomeOf.scala:104)
	at org.scalatest.Transformer.apply(Transformer.scala:22)
	at org.scalatest.Transformer.apply(Transformer.scala:20)
	at org.scalatest.FlatSpecLike$$anon$1.apply(FlatSpecLike.scala:1647)
	at org.scalatest.Suite$class.withFixture(Suite.scala:1122)
	at org.scalatest.FlatSpec.withFixture(FlatSpec.scala:1683)
	at org.scalatest.FlatSpecLike$class.invokeWithFixture$1(FlatSpecLike.scala:1644)
	at org.scalatest.FlatSpecLike$$anonfun$runTest$1.apply(FlatSpecLike.scala:1656)
	at org.scalatest.FlatSpecLike$$anonfun$runTest$1.apply(FlatSpecLike.scala:1656)
	at org.scalatest.SuperEngine.runTestImpl(Engine.scala:306)
	at org.scalatest.FlatSpecLike$class.runTest(FlatSpecLike.scala:1656)
	at org.scalatest.FlatSpec.runTest(FlatSpec.scala:1683)
	at org.scalatest.FlatSpecLike$$anonfun$runTests$1.apply(FlatSpecLike.scala:1714)
	at org.scalatest.FlatSpecLike$$anonfun$runTests$1.apply(FlatSpecLike.scala:1714)
	at org.scalatest.SuperEngine$$anonfun$traverseSubNodes$1$1.apply(Engine.scala:413)
	at org.scalatest.SuperEngine$$anonfun$traverseSubNodes$1$1.apply(Engine.scala:401)
	at scala.collection.immutable.List.foreach(List.scala:381)
	at org.scalatest.SuperEngine.traverseSubNodes$1(Engine.scala:401)
	at org.scalatest.SuperEngine.org$scalatest$SuperEngine$$runTestsInBranch(Engine.scala:390)
	at org.scalatest.SuperEngine$$anonfun$traverseSubNodes$1$1.apply(Engine.scala:427)
	at org.scalatest.SuperEngine$$anonfun$traverseSubNodes$1$1.apply(Engine.scala:401)
	at scala.collection.immutable.List.foreach(List.scala:381)
	at org.scalatest.SuperEngine.traverseSubNodes$1(Engine.scala:401)
	at org.scalatest.SuperEngine.org$scalatest$SuperEngine$$runTestsInBranch(Engine.scala:396)
	at org.scalatest.SuperEngine.runTestsImpl(Engine.scala:483)
	at org.scalatest.FlatSpecLike$class.runTests(FlatSpecLike.scala:1714)
	at org.scalatest.FlatSpec.runTests(FlatSpec.scala:1683)
	at org.scalatest.Suite$class.run(Suite.scala:1424)
	at org.scalatest.FlatSpec.org$scalatest$FlatSpecLike$$super$run(FlatSpec.scala:1683)
	at org.scalatest.FlatSpecLike$$anonfun$run$1.apply(FlatSpecLike.scala:1760)
	at org.scalatest.FlatSpecLike$$anonfun$run$1.apply(FlatSpecLike.scala:1760)
	at org.scalatest.SuperEngine.runImpl(Engine.scala:545)
	at org.scalatest.FlatSpecLike$class.run(FlatSpecLike.scala:1760)
	at org.scalatest.FlatSpec.run(FlatSpec.scala:1683)
	at org.scalatest.tools.SuiteRunner.run(SuiteRunner.scala:55)
	at org.scalatest.tools.Runner$$anonfun$doRunRunRunDaDoRunRun$3.apply(Runner.scala:2563)
	at org.scalatest.tools.Runner$$anonfun$doRunRunRunDaDoRunRun$3.apply(Runner.scala:2557)
	at scala.collection.immutable.List.foreach(List.scala:381)
	at org.scalatest.tools.Runner$.doRunRunRunDaDoRunRun(Runner.scala:2557)
	at org.scalatest.tools.Runner$$anonfun$runOptionallyWithPassFailReporter$2.apply(Runner.scala:1044)
	at org.scalatest.tools.Runner$$anonfun$runOptionallyWithPassFailReporter$2.apply(Runner.scala:1043)
	at org.scalatest.tools.Runner$.withClassLoaderAndDispatchReporter(Runner.scala:2722)
	at org.scalatest.tools.Runner$.runOptionallyWithPassFailReporter(Runner.scala:1043)
	at org.scalatest.tools.Runner$.run(Runner.scala:883)
	at org.scalatest.tools.Runner.run(Runner.scala)
	at org.jetbrains.plugins.scala.testingSupport.scalaTest.ScalaTestRunner.runScalaTest2(ScalaTestRunner.java:138)
	at org.jetbrains.plugins.scala.testingSupport.scalaTest.ScalaTestRunner.main(ScalaTestRunner.java:28)
	at sun.reflect.NativeMethodAccessorImpl.invoke0(Native Method)
	at sun.reflect.NativeMethodAccessorImpl.invoke(NativeMethodAccessorImpl.java:62)
	at sun.reflect.DelegatingMethodAccessorImpl.invoke(DelegatingMethodAccessorImpl.java:43)
	at java.lang.reflect.Method.invoke(Method.java:498)
	at com.intellij.rt.execution.application.AppMain.main(AppMain.java:144)
ERROR ScalaTest-run-running-CheckConnectedNetworkSpec surf.abm.surfutil.CheckConnectedNetwork$ - The program expects one command-line argument; an input roads shapefile.
ERROR ScalaTest-run-running-CheckConnectedNetworkSpec surf.abm.surfutil.CheckConnectedNetwork$ - Usage: scala surf.abm.surfutil.CheckConnectedNetwork [roads_file.shp]
